2013/01/28 13:25:11 [error] [exception.CHttpException.404] exception 'CHttpException' with message 'Unable to resolve the request "user/install".' in /mnt/virtual_share/dev/hackits/yii/framework/web/CWebApplication.php:286
Stack trace:
#0 /mnt/virtual_share/dev/hackits/yii/framework/web/CWebApplication.php(141): CWebApplication->runController('user/install')
#1 /mnt/virtual_share/dev/hackits/yii/framework/base/CApplication.php(169): CWebApplication->processRequest()
#2 /mnt/virtual_share/dev/hackits/htdocs/index.php(13): CApplication->run()
#3 {main}
REQUEST_URI=/user/install
---
2013/01/28 13:34:16 [error] [exception.CHttpException.404] exception 'CHttpException' with message 'Unable to resolve the request "user/install".' in /mnt/virtual_share/dev/hackits/yii/framework/web/CWebApplication.php:286
Stack trace:
#0 /mnt/virtual_share/dev/hackits/yii/framework/web/CWebApplication.php(141): CWebApplication->runController('user/install')
#1 /mnt/virtual_share/dev/hackits/yii/framework/base/CApplication.php(169): CWebApplication->processRequest()
#2 /mnt/virtual_share/dev/hackits/htdocs/index.php(13): CApplication->run()
#3 {main}
REQUEST_URI=/user/install
---
2013/01/28 13:34:20 [error] [exception.CHttpException.404] exception 'CHttpException' with message 'Unable to resolve the request "user/install".' in /mnt/virtual_share/dev/hackits/yii/framework/web/CWebApplication.php:286
Stack trace:
#0 /mnt/virtual_share/dev/hackits/yii/framework/web/CWebApplication.php(141): CWebApplication->runController('user/install')
#1 /mnt/virtual_share/dev/hackits/yii/framework/base/CApplication.php(169): CWebApplication->processRequest()
#2 /mnt/virtual_share/dev/hackits/htdocs/index.php(13): CApplication->run()
#3 {main}
REQUEST_URI=/user/install
---
2013/01/28 13:38:39 [error] [exception.CHttpException.404] exception 'CHttpException' with message 'Unable to resolve the request "user/install".' in /mnt/virtual_share/dev/hackits/yii/framework/web/CWebApplication.php:286
Stack trace:
#0 /mnt/virtual_share/dev/hackits/yii/framework/web/CWebApplication.php(141): CWebApplication->runController('user/install')
#1 /mnt/virtual_share/dev/hackits/yii/framework/base/CApplication.php(169): CWebApplication->processRequest()
#2 /mnt/virtual_share/dev/hackits/htdocs/index.php(13): CApplication->run()
#3 {main}
REQUEST_URI=/user/install
---
2013/01/28 13:38:50 [error] [exception.CHttpException.404] exception 'CHttpException' with message 'Unable to resolve the request "user/install".' in /mnt/virtual_share/dev/hackits/yii/framework/web/CWebApplication.php:286
Stack trace:
#0 /mnt/virtual_share/dev/hackits/yii/framework/web/CWebApplication.php(141): CWebApplication->runController('user/install')
#1 /mnt/virtual_share/dev/hackits/yii/framework/base/CApplication.php(169): CWebApplication->processRequest()
#2 /mnt/virtual_share/dev/hackits/htdocs/index.php(13): CApplication->run()
#3 {main}
REQUEST_URI=/user/install
---
2013/01/28 13:38:57 [error] [exception.CHttpException.404] exception 'CHttpException' with message 'Unable to resolve the request "user/install".' in /mnt/virtual_share/dev/hackits/yii/framework/web/CWebApplication.php:286
Stack trace:
#0 /mnt/virtual_share/dev/hackits/yii/framework/web/CWebApplication.php(141): CWebApplication->runController('user/install')
#1 /mnt/virtual_share/dev/hackits/yii/framework/base/CApplication.php(169): CWebApplication->processRequest()
#2 /mnt/virtual_share/dev/hackits/htdocs/index.php(13): CApplication->run()
#3 {main}
REQUEST_URI=/index.php/user/install
---
2013/01/28 13:39:57 [error] [exception.CHttpException.404] exception 'CHttpException' with message 'Unable to resolve the request "user/install".' in /mnt/virtual_share/dev/hackits/yii/framework/web/CWebApplication.php:286
Stack trace:
#0 /mnt/virtual_share/dev/hackits/yii/framework/web/CWebApplication.php(141): CWebApplication->runController('user/install')
#1 /mnt/virtual_share/dev/hackits/yii/framework/base/CApplication.php(169): CWebApplication->processRequest()
#2 /mnt/virtual_share/dev/hackits/htdocs/index.php(13): CApplication->run()
#3 {main}
REQUEST_URI=/index.php/user/install
---
2013/01/28 13:40:00 [error] [exception.CHttpException.404] exception 'CHttpException' with message 'Unable to resolve the request "user/install".' in /mnt/virtual_share/dev/hackits/yii/framework/web/CWebApplication.php:286
Stack trace:
#0 /mnt/virtual_share/dev/hackits/yii/framework/web/CWebApplication.php(141): CWebApplication->runController('user/install')
#1 /mnt/virtual_share/dev/hackits/yii/framework/base/CApplication.php(169): CWebApplication->processRequest()
#2 /mnt/virtual_share/dev/hackits/htdocs/index.php(13): CApplication->run()
#3 {main}
REQUEST_URI=/user/install
---
2013/01/28 13:40:03 [error] [exception.CHttpException.404] exception 'CHttpException' with message 'Unable to resolve the request "user/install".' in /mnt/virtual_share/dev/hackits/yii/framework/web/CWebApplication.php:286
Stack trace:
#0 /mnt/virtual_share/dev/hackits/yii/framework/web/CWebApplication.php(141): CWebApplication->runController('user/install')
#1 /mnt/virtual_share/dev/hackits/yii/framework/base/CApplication.php(169): CWebApplication->processRequest()
#2 /mnt/virtual_share/dev/hackits/htdocs/index.php(13): CApplication->run()
#3 {main}
REQUEST_URI=/user/install
---
2013/01/28 13:42:50 [error] [exception.CHttpException.404] exception 'CHttpException' with message 'Unable to resolve the request "user/install".' in /mnt/virtual_share/dev/hackits/yii/framework/web/CWebApplication.php:286
Stack trace:
#0 /mnt/virtual_share/dev/hackits/yii/framework/web/CWebApplication.php(141): CWebApplication->runController('user/install')
#1 /mnt/virtual_share/dev/hackits/yii/framework/base/CApplication.php(169): CWebApplication->processRequest()
#2 /mnt/virtual_share/dev/hackits/htdocs/index.php(13): CApplication->run()
#3 {main}
REQUEST_URI=/user/install
---
2013/01/28 13:42:51 [error] [exception.CHttpException.404] exception 'CHttpException' with message 'Unable to resolve the request "user/install".' in /mnt/virtual_share/dev/hackits/yii/framework/web/CWebApplication.php:286
Stack trace:
#0 /mnt/virtual_share/dev/hackits/yii/framework/web/CWebApplication.php(141): CWebApplication->runController('user/install')
#1 /mnt/virtual_share/dev/hackits/yii/framework/base/CApplication.php(169): CWebApplication->processRequest()
#2 /mnt/virtual_share/dev/hackits/htdocs/index.php(13): CApplication->run()
#3 {main}
REQUEST_URI=/user/install
---
2013/01/28 13:43:04 [error] [exception.CHttpException.404] exception 'CHttpException' with message 'Unable to resolve the request "user/install".' in /mnt/virtual_share/dev/hackits/yii/framework/web/CWebApplication.php:286
Stack trace:
#0 /mnt/virtual_share/dev/hackits/yii/framework/web/CWebApplication.php(141): CWebApplication->runController('user/install')
#1 /mnt/virtual_share/dev/hackits/yii/framework/base/CApplication.php(169): CWebApplication->processRequest()
#2 /mnt/virtual_share/dev/hackits/htdocs/index.php(13): CApplication->run()
#3 {main}
REQUEST_URI=/user/install
---
2013/01/28 13:43:05 [error] [exception.CHttpException.404] exception 'CHttpException' with message 'Unable to resolve the request "user/install".' in /mnt/virtual_share/dev/hackits/yii/framework/web/CWebApplication.php:286
Stack trace:
#0 /mnt/virtual_share/dev/hackits/yii/framework/web/CWebApplication.php(141): CWebApplication->runController('user/install')
#1 /mnt/virtual_share/dev/hackits/yii/framework/base/CApplication.php(169): CWebApplication->processRequest()
#2 /mnt/virtual_share/dev/hackits/htdocs/index.php(13): CApplication->run()
#3 {main}
REQUEST_URI=/user/install
---
2013/01/28 13:45:46 [error] [exception.CHttpException.404] exception 'CHttpException' with message 'Unable to resolve the request "user/install".' in /mnt/virtual_share/dev/hackits/yii/framework/web/CWebApplication.php:286
Stack trace:
#0 /mnt/virtual_share/dev/hackits/yii/framework/web/CWebApplication.php(141): CWebApplication->runController('user/install')
#1 /mnt/virtual_share/dev/hackits/yii/framework/base/CApplication.php(169): CWebApplication->processRequest()
#2 /mnt/virtual_share/dev/hackits/htdocs/index.php(13): CApplication->run()
#3 {main}
REQUEST_URI=/user/install
---
2013/01/28 13:45:50 [error] [exception.CHttpException.404] exception 'CHttpException' with message 'Unable to resolve the request "user/install".' in /mnt/virtual_share/dev/hackits/yii/framework/web/CWebApplication.php:286
Stack trace:
#0 /mnt/virtual_share/dev/hackits/yii/framework/web/CWebApplication.php(141): CWebApplication->runController('user/install')
#1 /mnt/virtual_share/dev/hackits/yii/framework/base/CApplication.php(169): CWebApplication->processRequest()
#2 /mnt/virtual_share/dev/hackits/htdocs/index.php(13): CApplication->run()
#3 {main}
REQUEST_URI=/user/install
---
2013/01/28 13:46:25 [error] [exception.CHttpException.404] exception 'CHttpException' with message 'Unable to resolve the request "user/install".' in /mnt/virtual_share/dev/hackits/yii/framework/web/CWebApplication.php:286
Stack trace:
#0 /mnt/virtual_share/dev/hackits/yii/framework/web/CWebApplication.php(141): CWebApplication->runController('user/install')
#1 /mnt/virtual_share/dev/hackits/yii/framework/base/CApplication.php(169): CWebApplication->processRequest()
#2 /mnt/virtual_share/dev/hackits/htdocs/index.php(13): CApplication->run()
#3 {main}
REQUEST_URI=/user/install
---
2013/01/28 13:46:26 [error] [exception.CHttpException.404] exception 'CHttpException' with message 'Unable to resolve the request "user/install".' in /mnt/virtual_share/dev/hackits/yii/framework/web/CWebApplication.php:286
Stack trace:
#0 /mnt/virtual_share/dev/hackits/yii/framework/web/CWebApplication.php(141): CWebApplication->runController('user/install')
#1 /mnt/virtual_share/dev/hackits/yii/framework/base/CApplication.php(169): CWebApplication->processRequest()
#2 /mnt/virtual_share/dev/hackits/htdocs/index.php(13): CApplication->run()
#3 {main}
REQUEST_URI=/user/install
---
2013/01/28 13:47:32 [error] [exception.CHttpException.404] exception 'CHttpException' with message 'Unable to resolve the request "user/install".' in /mnt/virtual_share/dev/hackits/yii/framework/web/CWebApplication.php:286
Stack trace:
#0 /mnt/virtual_share/dev/hackits/yii/framework/web/CWebApplication.php(141): CWebApplication->runController('user/install')
#1 /mnt/virtual_share/dev/hackits/yii/framework/base/CApplication.php(169): CWebApplication->processRequest()
#2 /mnt/virtual_share/dev/hackits/htdocs/index.php(13): CApplication->run()
#3 {main}
REQUEST_URI=/user/install
---
2013/01/28 13:47:46 [error] [exception.CHttpException.404] exception 'CHttpException' with message 'Unable to resolve the request "user/install".' in /mnt/virtual_share/dev/hackits/yii/framework/web/CWebApplication.php:286
Stack trace:
#0 /mnt/virtual_share/dev/hackits/yii/framework/web/CWebApplication.php(141): CWebApplication->runController('user/install')
#1 /mnt/virtual_share/dev/hackits/yii/framework/base/CApplication.php(169): CWebApplication->processRequest()
#2 /mnt/virtual_share/dev/hackits/htdocs/index.php(13): CApplication->run()
#3 {main}
REQUEST_URI=/user/install
---
2013/01/28 13:47:48 [error] [exception.CHttpException.404] exception 'CHttpException' with message 'Unable to resolve the request "user/install".' in /mnt/virtual_share/dev/hackits/yii/framework/web/CWebApplication.php:286
Stack trace:
#0 /mnt/virtual_share/dev/hackits/yii/framework/web/CWebApplication.php(141): CWebApplication->runController('user/install')
#1 /mnt/virtual_share/dev/hackits/yii/framework/base/CApplication.php(169): CWebApplication->processRequest()
#2 /mnt/virtual_share/dev/hackits/htdocs/index.php(13): CApplication->run()
#3 {main}
REQUEST_URI=/user/install
---
2013/01/28 13:49:30 [error] [exception.CHttpException.404] exception 'CHttpException' with message 'Unable to resolve the request "user/install".' in /mnt/virtual_share/dev/hackits/yii/framework/web/CWebApplication.php:286
Stack trace:
#0 /mnt/virtual_share/dev/hackits/yii/framework/web/CWebApplication.php(141): CWebApplication->runController('user/install')
#1 /mnt/virtual_share/dev/hackits/yii/framework/base/CApplication.php(169): CWebApplication->processRequest()
#2 /mnt/virtual_share/dev/hackits/htdocs/index.php(13): CApplication->run()
#3 {main}
REQUEST_URI=/index.php?r=user/install
---
2013/01/28 13:49:39 [error] [exception.CHttpException.404] exception 'CHttpException' with message 'Unable to resolve the request "user/install".' in /mnt/virtual_share/dev/hackits/yii/framework/web/CWebApplication.php:286
Stack trace:
#0 /mnt/virtual_share/dev/hackits/yii/framework/web/CWebApplication.php(141): CWebApplication->runController('user/install')
#1 /mnt/virtual_share/dev/hackits/yii/framework/base/CApplication.php(169): CWebApplication->processRequest()
#2 /mnt/virtual_share/dev/hackits/htdocs/index.php(13): CApplication->run()
#3 {main}
REQUEST_URI=/user/install
---
2013/01/28 13:49:40 [error] [exception.CHttpException.404] exception 'CHttpException' with message 'Unable to resolve the request "user/install".' in /mnt/virtual_share/dev/hackits/yii/framework/web/CWebApplication.php:286
Stack trace:
#0 /mnt/virtual_share/dev/hackits/yii/framework/web/CWebApplication.php(141): CWebApplication->runController('user/install')
#1 /mnt/virtual_share/dev/hackits/yii/framework/base/CApplication.php(169): CWebApplication->processRequest()
#2 /mnt/virtual_share/dev/hackits/htdocs/index.php(13): CApplication->run()
#3 {main}
REQUEST_URI=/user/install
---
2013/01/28 13:53:48 [error] [exception.CHttpException.404] exception 'CHttpException' with message 'Unable to resolve the request "user/install".' in /mnt/virtual_share/dev/hackits/yii/framework/web/CWebApplication.php:286
Stack trace:
#0 /mnt/virtual_share/dev/hackits/yii/framework/web/CWebApplication.php(141): CWebApplication->runController('user/install')
#1 /mnt/virtual_share/dev/hackits/yii/framework/base/CApplication.php(169): CWebApplication->processRequest()
#2 /mnt/virtual_share/dev/hackits/htdocs/index.php(13): CApplication->run()
#3 {main}
REQUEST_URI=/user/install
---
2013/01/28 13:55:04 [error] [exception.CHttpException.404] exception 'CHttpException' with message 'Unable to resolve the request "user/install".' in /mnt/virtual_share/dev/hackits/yii/framework/web/CWebApplication.php:286
Stack trace:
#0 /mnt/virtual_share/dev/hackits/yii/framework/web/CWebApplication.php(141): CWebApplication->runController('user/install')
#1 /mnt/virtual_share/dev/hackits/yii/framework/base/CApplication.php(169): CWebApplication->processRequest()
#2 /mnt/virtual_share/dev/hackits/htdocs/index.php(13): CApplication->run()
#3 {main}
REQUEST_URI=/user/install
---
2013/01/28 13:55:09 [error] [exception.CHttpException.404] exception 'CHttpException' with message 'Unable to resolve the request "user/install".' in /mnt/virtual_share/dev/hackits/yii/framework/web/CWebApplication.php:286
Stack trace:
#0 /mnt/virtual_share/dev/hackits/yii/framework/web/CWebApplication.php(141): CWebApplication->runController('user/install')
#1 /mnt/virtual_share/dev/hackits/yii/framework/base/CApplication.php(169): CWebApplication->processRequest()
#2 /mnt/virtual_share/dev/hackits/htdocs/index.php(13): CApplication->run()
#3 {main}
REQUEST_URI=/user/install
---
2013/01/28 13:55:32 [error] [exception.CHttpException.404] exception 'CHttpException' with message 'Unable to resolve the request "user/install".' in /mnt/virtual_share/dev/hackits/yii/framework/web/CWebApplication.php:286
Stack trace:
#0 /mnt/virtual_share/dev/hackits/yii/framework/web/CWebApplication.php(141): CWebApplication->runController('user/install')
#1 /mnt/virtual_share/dev/hackits/yii/framework/base/CApplication.php(169): CWebApplication->processRequest()
#2 /mnt/virtual_share/dev/hackits/htdocs/index.php(13): CApplication->run()
#3 {main}
REQUEST_URI=/user/install
---
2013/01/28 13:55:47 [error] [exception.CHttpException.404] exception 'CHttpException' with message 'Unable to resolve the request "user/install".' in /mnt/virtual_share/dev/hackits/yii/framework/web/CWebApplication.php:286
Stack trace:
#0 /mnt/virtual_share/dev/hackits/yii/framework/web/CWebApplication.php(141): CWebApplication->runController('user/install')
#1 /mnt/virtual_share/dev/hackits/yii/framework/base/CApplication.php(169): CWebApplication->processRequest()
#2 /mnt/virtual_share/dev/hackits/htdocs/index.php(13): CApplication->run()
#3 {main}
REQUEST_URI=/user/install
---
2013/01/28 13:55:55 [error] [exception.CHttpException.404] exception 'CHttpException' with message 'Unable to resolve the request "user/install".' in /mnt/virtual_share/dev/hackits/yii/framework/web/CWebApplication.php:286
Stack trace:
#0 /mnt/virtual_share/dev/hackits/yii/framework/web/CWebApplication.php(141): CWebApplication->runController('user/install')
#1 /mnt/virtual_share/dev/hackits/yii/framework/base/CApplication.php(169): CWebApplication->processRequest()
#2 /mnt/virtual_share/dev/hackits/htdocs/index.php(13): CApplication->run()
#3 {main}
REQUEST_URI=/user/install
---
2013/01/28 14:11:04 [error] [exception.CHttpException.404] exception 'CHttpException' with message 'Unable to resolve the request "user/install".' in /mnt/virtual_share/dev/hackits/yii/framework/web/CWebApplication.php:286
Stack trace:
#0 /mnt/virtual_share/dev/hackits/yii/framework/web/CWebApplication.php(141): CWebApplication->runController('user/install')
#1 /mnt/virtual_share/dev/hackits/yii/framework/base/CApplication.php(169): CWebApplication->processRequest()
#2 /mnt/virtual_share/dev/hackits/htdocs/index.php(13): CApplication->run()
#3 {main}
REQUEST_URI=/user/install
---
2013/01/28 14:15:43 [error] [exception.CHttpException.404] exception 'CHttpException' with message 'Unable to resolve the request "user/install".' in /mnt/virtual_share/dev/hackits/yii/framework/web/CWebApplication.php:286
Stack trace:
#0 /mnt/virtual_share/dev/hackits/yii/framework/web/CWebApplication.php(141): CWebApplication->runController('user/install')
#1 /mnt/virtual_share/dev/hackits/yii/framework/base/CApplication.php(169): CWebApplication->processRequest()
#2 /mnt/virtual_share/dev/hackits/htdocs/index.php(13): CApplication->run()
#3 {main}
REQUEST_URI=/user/install
---
2013/01/28 14:16:54 [error] [exception.CHttpException.404] exception 'CHttpException' with message 'Unable to resolve the request "user/install".' in /mnt/virtual_share/dev/hackits/yii/framework/web/CWebApplication.php:286
Stack trace:
#0 /mnt/virtual_share/dev/hackits/yii/framework/web/CWebApplication.php(141): CWebApplication->runController('user/install')
#1 /mnt/virtual_share/dev/hackits/yii/framework/base/CApplication.php(169): CWebApplication->processRequest()
#2 /mnt/virtual_share/dev/hackits/htdocs/index.php(13): CApplication->run()
#3 {main}
REQUEST_URI=/user/install
---
2013/01/28 14:17:20 [error] [system.db.CDbCommand] CDbCommand::fetchAll() failed: SQLSTATE[42S02]: Base table or view not found: 1146 Table 'hackits.user' doesn't exist. The SQL statement executed was: SHOW FULL COLUMNS FROM `user`.
in /mnt/virtual_share/dev/hackits/htdocs/protected/modules/user/controllers/YumInstallController.php (439)
in /mnt/virtual_share/dev/hackits/htdocs/index.php (13)
2013/01/28 14:18:38 [error] [exception.CException] exception 'CException' with message 'Alias "application.modules.user.components.YumWebUser" is invalid. Make sure it points to an existing PHP file and the file is readable.' in /mnt/virtual_share/dev/hackits/yii/framework/YiiBase.php:316
Stack trace:
#0 /mnt/virtual_share/dev/hackits/yii/framework/YiiBase.php(196): YiiBase::import('application.mod...', true)
#1 /mnt/virtual_share/dev/hackits/yii/framework/base/CModule.php(386): YiiBase::createComponent(Array)
#2 /mnt/virtual_share/dev/hackits/yii/framework/base/CModule.php(523): CModule->getComponent('user')
#3 /mnt/virtual_share/dev/hackits/yii/framework/base/CApplication.php(152): CModule->preloadComponents()
#4 /mnt/virtual_share/dev/hackits/yii/framework/YiiBase.php(125): CApplication->__construct('/mnt/virtual_sh...')
#5 /mnt/virtual_share/dev/hackits/yii/framework/YiiBase.php(98): YiiBase::createApplication('CWebApplication', '/mnt/virtual_sh...')
#6 /mnt/virtual_share/dev/hackits/htdocs/index.php(13): YiiBase::createWebApplication('/mnt/virtual_sh...')
#7 {main}
REQUEST_URI=/user/install
---
2013/01/28 14:19:21 [error] [exception.CException] exception 'CException' with message 'Alias "user.UserModule" is invalid. Make sure it points to an existing PHP file and the file is readable.' in /mnt/virtual_share/dev/hackits/yii/framework/YiiBase.php:316
Stack trace:
#0 /mnt/virtual_share/dev/hackits/yii/framework/YiiBase.php(196): YiiBase::import('user.UserModule', true)
#1 /mnt/virtual_share/dev/hackits/yii/framework/base/CModule.php(282): YiiBase::createComponent('user.UserModule', 'user', NULL, Array)
#2 /mnt/virtual_share/dev/hackits/yii/framework/web/CWebApplication.php(337): CModule->getModule('user')
#3 /mnt/virtual_share/dev/hackits/yii/framework/web/CWebApplication.php(276): CWebApplication->createController('user/install')
#4 /mnt/virtual_share/dev/hackits/yii/framework/web/CWebApplication.php(141): CWebApplication->runController('user/install')
#5 /mnt/virtual_share/dev/hackits/yii/framework/base/CApplication.php(169): CWebApplication->processRequest()
#6 /mnt/virtual_share/dev/hackits/htdocs/index.php(13): CApplication->run()
#7 {main}
REQUEST_URI=/user/install
---
2013/01/28 14:19:22 [error] [exception.CException] exception 'CException' with message 'Alias "user.UserModule" is invalid. Make sure it points to an existing PHP file and the file is readable.' in /mnt/virtual_share/dev/hackits/yii/framework/YiiBase.php:316
Stack trace:
#0 /mnt/virtual_share/dev/hackits/yii/framework/YiiBase.php(196): YiiBase::import('user.UserModule', true)
#1 /mnt/virtual_share/dev/hackits/yii/framework/base/CModule.php(282): YiiBase::createComponent('user.UserModule', 'user', NULL, Array)
#2 /mnt/virtual_share/dev/hackits/yii/framework/web/CWebApplication.php(337): CModule->getModule('user')
#3 /mnt/virtual_share/dev/hackits/yii/framework/web/CWebApplication.php(276): CWebApplication->createController('user/install')
#4 /mnt/virtual_share/dev/hackits/yii/framework/web/CWebApplication.php(141): CWebApplication->runController('user/install')
#5 /mnt/virtual_share/dev/hackits/yii/framework/base/CApplication.php(169): CWebApplication->processRequest()
#6 /mnt/virtual_share/dev/hackits/htdocs/index.php(13): CApplication->run()
#7 {main}
REQUEST_URI=/user/install
---
2013/01/28 14:20:59 [error] [exception.CException] exception 'CException' with message 'Alias "application.modules.yii-user-management.user.components.YumWebUser" is invalid. Make sure it points to an existing PHP file and the file is readable.' in /mnt/virtual_share/dev/hackits/yii/framework/YiiBase.php:316
Stack trace:
#0 /mnt/virtual_share/dev/hackits/yii/framework/YiiBase.php(196): YiiBase::import('application.mod...', true)
#1 /mnt/virtual_share/dev/hackits/yii/framework/base/CModule.php(386): YiiBase::createComponent(Array)
#2 /mnt/virtual_share/dev/hackits/yii/framework/base/CModule.php(103): CModule->getComponent('user')
#3 /mnt/virtual_share/dev/hackits/htdocs/protected/modules/user/UserModule.php(236): CModule->__get('user')
#4 /mnt/virtual_share/dev/hackits/yii/framework/web/CController.php(263): UserModule->beforeControllerAction(Object(YumInstallController), Object(CInlineAction))
#5 /mnt/virtual_share/dev/hackits/yii/framework/web/CWebApplication.php(282): CController->run('')
#6 /mnt/virtual_share/dev/hackits/yii/framework/web/CWebApplication.php(141): CWebApplication->runController('user/install')
#7 /mnt/virtual_share/dev/hackits/yii/framework/base/CApplication.php(169): CWebApplication->processRequest()
#8 /mnt/virtual_share/dev/hackits/htdocs/index.php(13): CApplication->run()
#9 {main}
REQUEST_URI=/user/install
---
2013/01/28 14:21:13 [error] [system.db.CDbCommand] CDbCommand::fetchAll() failed: SQLSTATE[42S02]: Base table or view not found: 1146 Table 'hackits.user' doesn't exist. The SQL statement executed was: SHOW FULL COLUMNS FROM `user`.
in /mnt/virtual_share/dev/hackits/htdocs/protected/modules/user/controllers/YumInstallController.php (439)
in /mnt/virtual_share/dev/hackits/htdocs/index.php (13)
2013/01/28 14:23:31 [error] [system.db.CDbCommand] CDbCommand::fetchAll() failed: SQLSTATE[42S02]: Base table or view not found: 1146 Table 'hackits.translation' doesn't exist. The SQL statement executed was: select message, translation from translation where language = :language and category = :category.
in /mnt/virtual_share/dev/hackits/htdocs/protected/modules/user/models/Yum.php (131)
in /mnt/virtual_share/dev/hackits/htdocs/protected/modules/user/views/user/login.php (7)
in /mnt/virtual_share/dev/hackits/htdocs/protected/modules/user/controllers/YumAuthController.php (317)
2013/01/28 14:23:31 [error] [exception.CDbException] exception 'CDbException' with message 'CDbCommand failed to execute the SQL statement: SQLSTATE[42S02]: Base table or view not found: 1146 Table 'hackits.translation' doesn't exist. The SQL statement executed was: select message, translation from translation where language = :language and category = :category' in /mnt/virtual_share/dev/hackits/yii/framework/db/CDbCommand.php:541
Stack trace:
#0 /mnt/virtual_share/dev/hackits/yii/framework/db/CDbCommand.php(395): CDbCommand->queryInternal('fetchAll', Array, Array)
#1 /mnt/virtual_share/dev/hackits/htdocs/protected/modules/user/models/Yum.php(131): CDbCommand->queryAll()
#2 /mnt/virtual_share/dev/hackits/htdocs/protected/modules/user/views/user/login.php(7): Yum::t('Login')
#3 /mnt/virtual_share/dev/hackits/yii/framework/web/CBaseController.php(126): require('/mnt/virtual_sh...')
#4 /mnt/virtual_share/dev/hackits/yii/framework/web/CBaseController.php(95): CBaseController->renderInternal('/mnt/virtual_sh...', Array, true)
#5 /mnt/virtual_share/dev/hackits/yii/framework/web/CController.php(869): CBaseController->renderFile('/mnt/virtual_sh...', Array, true)
#6 /mnt/virtual_share/dev/hackits/yii/framework/web/CController.php(782): CController->renderPartial('/user/login', Array, true)
#7 /mnt/virtual_share/dev/hackits/htdocs/protected/modules/user/controllers/YumAuthController.php(317): CController->render('/user/login', Array)
#8 /mnt/virtual_share/dev/hackits/yii/framework/web/actions/CInlineAction.php(49): YumAuthController->actionLogin()
#9 /mnt/virtual_share/dev/hackits/yii/framework/web/CController.php(308): CInlineAction->runWithParams(Array)
#10 /mnt/virtual_share/dev/hackits/yii/framework/web/filters/CFilterChain.php(133): CController->runAction(Object(CInlineAction))
#11 /mnt/virtual_share/dev/hackits/yii/framework/web/filters/CFilter.php(40): CFilterChain->run()
#12 /mnt/virtual_share/dev/hackits/yii/framework/web/CController.php(1145): CFilter->filter(Object(CFilterChain))
#13 /mnt/virtual_share/dev/hackits/yii/framework/web/filters/CInlineFilter.php(58): CController->filterAccessControl(Object(CFilterChain))
#14 /mnt/virtual_share/dev/hackits/yii/framework/web/filters/CFilterChain.php(130): CInlineFilter->filter(Object(CFilterChain))
#15 /mnt/virtual_share/dev/hackits/yii/framework/web/CController.php(291): CFilterChain->run()
#16 /mnt/virtual_share/dev/hackits/yii/framework/web/CController.php(265): CController->runActionWithFilters(Object(CInlineAction), Array)
#17 /mnt/virtual_share/dev/hackits/yii/framework/web/CWebApplication.php(282): CController->run('')
#18 /mnt/virtual_share/dev/hackits/yii/framework/web/CWebApplication.php(141): CWebApplication->runController('user/auth')
#19 /mnt/virtual_share/dev/hackits/yii/framework/base/CApplication.php(169): CWebApplication->processRequest()
#20 /mnt/virtual_share/dev/hackits/htdocs/index.php(13): CApplication->run()
#21 {main}
REQUEST_URI=/user/auth
HTTP_REFERER=http://hackits/user/install/install
---
2013/01/28 14:34:59 [error] [exception.CHttpException.404] exception 'CHttpException' with message 'Unable to resolve the request "user/register".' in /mnt/virtual_share/dev/hackits/yii/framework/web/CWebApplication.php:286
Stack trace:
#0 /mnt/virtual_share/dev/hackits/yii/framework/web/CWebApplication.php(141): CWebApplication->runController('user/register')
#1 /mnt/virtual_share/dev/hackits/yii/framework/base/CApplication.php(169): CWebApplication->processRequest()
#2 /mnt/virtual_share/dev/hackits/htdocs/index.php(13): CApplication->run()
#3 {main}
REQUEST_URI=/user/register
---
2013/01/28 14:35:02 [error] [exception.CHttpException.404] exception 'CHttpException' with message 'The system is unable to find the requested action "register".' in /mnt/virtual_share/dev/hackits/yii/framework/web/CController.php:483
Stack trace:
#0 /mnt/virtual_share/dev/hackits/yii/framework/web/CController.php(270): CController->missingAction('register')
#1 /mnt/virtual_share/dev/hackits/yii/framework/web/CWebApplication.php(282): CController->run('register')
#2 /mnt/virtual_share/dev/hackits/yii/framework/web/CWebApplication.php(141): CWebApplication->runController('user/user/regis...')
#3 /mnt/virtual_share/dev/hackits/yii/framework/base/CApplication.php(169): CWebApplication->processRequest()
#4 /mnt/virtual_share/dev/hackits/htdocs/index.php(13): CApplication->run()
#5 {main}
REQUEST_URI=/user/user/register
---
2013/01/28 14:35:04 [error] [exception.CHttpException.404] exception 'CHttpException' with message 'Unable to resolve the request "user/register".' in /mnt/virtual_share/dev/hackits/yii/framework/web/CWebApplication.php:286
Stack trace:
#0 /mnt/virtual_share/dev/hackits/yii/framework/web/CWebApplication.php(141): CWebApplication->runController('user/register')
#1 /mnt/virtual_share/dev/hackits/yii/framework/base/CApplication.php(169): CWebApplication->processRequest()
#2 /mnt/virtual_share/dev/hackits/htdocs/index.php(13): CApplication->run()
#3 {main}
REQUEST_URI=/user/register
---
2013/01/28 14:35:06 [error] [exception.CHttpException.404] exception 'CHttpException' with message 'The system is unable to find the requested action "register".' in /mnt/virtual_share/dev/hackits/yii/framework/web/CController.php:483
Stack trace:
#0 /mnt/virtual_share/dev/hackits/yii/framework/web/CController.php(270): CController->missingAction('register')
#1 /mnt/virtual_share/dev/hackits/yii/framework/web/CWebApplication.php(282): CController->run('register')
#2 /mnt/virtual_share/dev/hackits/yii/framework/web/CWebApplication.php(141): CWebApplication->runController('user/user/regis...')
#3 /mnt/virtual_share/dev/hackits/yii/framework/base/CApplication.php(169): CWebApplication->processRequest()
#4 /mnt/virtual_share/dev/hackits/htdocs/index.php(13): CApplication->run()
#5 {main}
REQUEST_URI=/user/user/register
---
2013/01/28 14:35:21 [error] [exception.CHttpException.404] exception 'CHttpException' with message 'Unable to resolve the request "user/register".' in /mnt/virtual_share/dev/hackits/yii/framework/web/CWebApplication.php:286
Stack trace:
#0 /mnt/virtual_share/dev/hackits/yii/framework/web/CWebApplication.php(141): CWebApplication->runController('user/register')
#1 /mnt/virtual_share/dev/hackits/yii/framework/base/CApplication.php(169): CWebApplication->processRequest()
#2 /mnt/virtual_share/dev/hackits/htdocs/index.php(13): CApplication->run()
#3 {main}
REQUEST_URI=/user/register
---
2013/01/28 14:35:23 [error] [exception.CHttpException.404] exception 'CHttpException' with message 'The system is unable to find the requested action "register".' in /mnt/virtual_share/dev/hackits/yii/framework/web/CController.php:483
Stack trace:
#0 /mnt/virtual_share/dev/hackits/yii/framework/web/CController.php(270): CController->missingAction('register')
#1 /mnt/virtual_share/dev/hackits/yii/framework/web/CWebApplication.php(282): CController->run('register')
#2 /mnt/virtual_share/dev/hackits/yii/framework/web/CWebApplication.php(141): CWebApplication->runController('user/user/regis...')
#3 /mnt/virtual_share/dev/hackits/yii/framework/base/CApplication.php(169): CWebApplication->processRequest()
#4 /mnt/virtual_share/dev/hackits/htdocs/index.php(13): CApplication->run()
#5 {main}
REQUEST_URI=/user/user/register
---
